2014-05-28 16:56:15.572 Venue[34185:70b] Multi-tasking -> Device: YES, App: YES
2014-05-28 16:56:15.585 Venue[34185:70b] Unlimited access to network resources
2014-05-28 16:56:15.627 Venue[34185:70b] WARNING: The splashscreen image named Default-Portrait was not found
2014-05-28 16:56:15.627 Venue[34185:70b] [CDVTimer][splashscreen] 19.928992ms
2014-05-28 16:56:15.630 Venue[34185:70b] [CDVTimer][statusbar] 2.244949ms
2014-05-28 16:56:15.631 Venue[34185:70b] [CDVTimer][device] 0.043035ms
2014-05-28 16:56:15.631 Venue[34185:70b] [CDVTimer][TotalPluginStartup] 23.527980ms
2014-05-28 16:56:15.632 Venue[34185:70b] WARNING: The splashscreen image named Default-Portrait was not found
2014-05-28 16:56:15.635 Venue[34185:70b] WARNING: The splashscreen image named Default-Portrait was not found
2014-05-28 16:56:15.636 Venue[34185:70b] WARNING: The splashscreen image named Default-Portrait was not found
2014-05-28 16:56:15.764 Venue[34185:70b] Resetting plugins due to page load.
2014-05-28 16:56:16.211 Venue[34185:70b] Finished load of: file:///Users/aantillon/Library/Application%20Support/iPhone%20Simulator/7.1/Applications/FDCFD881-8CCD-40DC-9268-35670E56F91A/Venue.app/www/index.html#/
2014-05-28 17:14:17.306 Venue[35127:70b] Multi-tasking -> Device: YES, App: YES
2014-05-28 17:14:17.314 Venue[35127:70b] Unlimited access to network resources
2014-05-28 17:14:17.351 Venue[35127:70b] WARNING: The splashscreen image named Default-Portrait was not found
2014-05-28 17:14:17.351 Venue[35127:70b] [CDVTimer][splashscreen] 12.773037ms
2014-05-28 17:14:17.354 Venue[35127:70b] [CDVTimer][statusbar] 2.411008ms
2014-05-28 17:14:17.355 Venue[35127:70b] [CDVTimer][device] 0.046968ms
2014-05-28 17:14:17.355 Venue[35127:70b] [CDVTimer][TotalPluginStartup] 16.707003ms
2014-05-28 17:14:17.357 Venue[35127:70b] WARNING: The splashscreen image named Default-Portrait was not found
2014-05-28 17:14:17.360 Venue[35127:70b] WARNING: The splashscreen image named Default-Portrait was not found
2014-05-28 17:14:17.361 Venue[35127:70b] WARNING: The splashscreen image named Default-Portrait was not found
2014-05-28 17:14:17.587 Venue[35127:70b] Resetting plugins due to page load.
2014-05-28 17:14:18.246 Venue[35127:70b] Finished load of: file:///Users/aantillon/Library/Application%20Support/iPhone%20Simulator/7.1/Applications/FDCFD881-8CCD-40DC-9268-35670E56F91A/Venue.app/www/index.html#/
2014-05-28 17:14:27.141 Venue[35127:70b] ERROR: Plugin 'WebIntent' not found, or is not a CDVPlugin. Check your plugin mapping in config.xml.
2014-05-28 17:14:27.141 Venue[35127:70b] -[CDVCommandQueue executePending] [Line 158] FAILED pluginJSON = [
  "WebIntent1363161518",
  "WebIntent",
  "startActivity",
  [
    {
      "url" : "geo:43.644852,-79.416626?q=942 Queen St W",
      "action" : "android.intent.action.VIEW"
    }
  ]
]
2014-05-28 17:14:29.841 Venue[35127:70b] ERROR: Plugin 'WebIntent' not found, or is not a CDVPlugin. Check your plugin mapping in config.xml.
2014-05-28 17:14:29.841 Venue[35127:70b] -[CDVCommandQueue executePending] [Line 158] FAILED pluginJSON = [
  "WebIntent1363161519",
  "WebIntent",
  "startActivity",
  [
    {
      "url" : "geo:43.644852,-79.416626?q=942 Queen St W",
      "action" : "android.intent.action.VIEW"
    }
  ]
]
2014-05-28 17:14:33.732 Venue[35127:70b] ERROR: Plugin 'WebIntent' not found, or is not a CDVPlugin. Check your plugin mapping in config.xml.
2014-05-28 17:14:33.732 Venue[35127:70b] -[CDVCommandQueue executePending] [Line 158] FAILED pluginJSON = [
  "WebIntent1363161520",
  "WebIntent",
  "startActivity",
  [
    {
      "url" : "geo:43.644852,-79.416626?q=942 Queen St W",
      "action" : "android.intent.action.VIEW"
    }
  ]
]
2014-05-28 17:14:35.011 Venue[35127:70b] ERROR: Plugin 'WebIntent' not found, or is not a CDVPlugin. Check your plugin mapping in config.xml.
2014-05-28 17:14:35.011 Venue[35127:70b] -[CDVCommandQueue executePending] [Line 158] FAILED pluginJSON = [
  "WebIntent1363161521",
  "WebIntent",
  "startActivity",
  [
    {
      "url" : "geo:43.644852,-79.416626?q=942 Queen St W",
      "action" : "android.intent.action.VIEW"
    }
  ]
]
2014-05-28 17:14:39.099 Venue[35127:70b] ERROR: Plugin 'WebIntent' not found, or is not a CDVPlugin. Check your plugin mapping in config.xml.
2014-05-28 17:14:39.099 Venue[35127:70b] -[CDVCommandQueue executePending] [Line 158] FAILED pluginJSON = [
  "WebIntent1363161522",
  "WebIntent",
  "startActivity",
  [
    {
      "url" : "geo:43.644852,-79.416626?q=942 Queen St W",
      "action" : "android.intent.action.VIEW"
    }
  ]
]
2014-05-28 17:14:51.900 Venue[35127:70b] ERROR: Plugin 'WebIntent' not found, or is not a CDVPlugin. Check your plugin mapping in config.xml.
2014-05-28 17:14:51.900 Venue[35127:70b] -[CDVCommandQueue executePending] [Line 158] FAILED pluginJSON = [
  "WebIntent1363161523",
  "WebIntent",
  "startActivity",
  [
    {
      "url" : "geo:43.644852,-79.416626?q=942 Queen St W",
      "action" : "android.intent.action.VIEW"
    }
  ]
]
2014-05-28 17:20:32.036 Venue[35416:70b] Multi-tasking -> Device: YES, App: YES
2014-05-28 17:20:32.045 Venue[35416:70b] Unlimited access to network resources
2014-05-28 17:20:32.070 Venue[35416:70b] WARNING: The splashscreen image named Default-Portrait was not found
2014-05-28 17:20:32.071 Venue[35416:70b] [CDVTimer][splashscreen] 9.232998ms
2014-05-28 17:20:32.074 Venue[35416:70b] [CDVTimer][statusbar] 2.686977ms
2014-05-28 17:20:32.075 Venue[35416:70b] [CDVTimer][device] 0.052989ms
2014-05-28 17:20:32.075 Venue[35416:70b] [CDVTimer][TotalPluginStartup] 13.611019ms
2014-05-28 17:20:32.077 Venue[35416:70b] WARNING: The splashscreen image named Default-Portrait was not found
2014-05-28 17:20:32.080 Venue[35416:70b] WARNING: The splashscreen image named Default-Portrait was not found
2014-05-28 17:20:32.082 Venue[35416:70b] WARNING: The splashscreen image named Default-Portrait was not found
2014-05-28 17:20:32.250 Venue[35416:70b] Resetting plugins due to page load.
2014-05-28 17:20:32.746 Venue[35416:70b] Finished load of: file:///Users/aantillon/Library/Application%20Support/iPhone%20Simulator/7.1/Applications/FDCFD881-8CCD-40DC-9268-35670E56F91A/Venue.app/www/index.html#/
2014-05-28 17:20:41.019 Venue[35416:70b] ERROR: Plugin 'WebIntent' not found, or is not a CDVPlugin. Check your plugin mapping in config.xml.
2014-05-28 17:20:41.019 Venue[35416:70b] -[CDVCommandQueue executePending] [Line 158] FAILED pluginJSON = [
  "WebIntent409723438",
  "WebIntent",
  "startActivity",
  [
    {
      "url" : "maps:43.644852,-79.416626?q=942 Queen St W",
      "action" : "android.intent.action.VIEW"
    }
  ]
]
2014-05-28 17:20:45.134 Venue[35416:70b] ERROR: Plugin 'WebIntent' not found, or is not a CDVPlugin. Check your plugin mapping in config.xml.
2014-05-28 17:20:45.134 Venue[35416:70b] -[CDVCommandQueue executePending] [Line 158] FAILED pluginJSON = [
  "WebIntent409723439",
  "WebIntent",
  "startActivity",
  [
    {
      "url" : "maps:43.644852,-79.416626?q=942 Queen St W",
      "action" : "android.intent.action.VIEW"
    }
  ]
]
2014-05-28 17:20:46.117 Venue[35416:70b] ERROR: Plugin 'WebIntent' not found, or is not a CDVPlugin. Check your plugin mapping in config.xml.
2014-05-28 17:20:46.118 Venue[35416:70b] -[CDVCommandQueue executePending] [Line 158] FAILED pluginJSON = [
  "WebIntent409723440",
  "WebIntent",
  "startActivity",
  [
    {
      "url" : "maps:43.644852,-79.416626?q=942 Queen St W",
      "action" : "android.intent.action.VIEW"
    }
  ]
]
2014-05-28 17:20:46.884 Venue[35416:70b] ERROR: Plugin 'WebIntent' not found, or is not a CDVPlugin. Check your plugin mapping in config.xml.
2014-05-28 17:20:46.884 Venue[35416:70b] -[CDVCommandQueue executePending] [Line 158] FAILED pluginJSON = [
  "WebIntent409723441",
  "WebIntent",
  "startActivity",
  [
    {
      "url" : "maps:43.644852,-79.416626?q=942 Queen St W",
      "action" : "android.intent.action.VIEW"
    }
  ]
]
2014-05-28 17:20:47.378 Venue[35416:70b] ERROR: Plugin 'WebIntent' not found, or is not a CDVPlugin. Check your plugin mapping in config.xml.
2014-05-28 17:20:47.379 Venue[35416:70b] -[CDVCommandQueue executePending] [Line 158] FAILED pluginJSON = [
  "WebIntent409723442",
  "WebIntent",
  "startActivity",
  [
    {
      "url" : "maps:43.644852,-79.416626?q=942 Queen St W",
      "action" : "android.intent.action.VIEW"
    }
  ]
]
2014-05-28 17:20:47.750 Venue[35416:70b] ERROR: Plugin 'WebIntent' not found, or is not a CDVPlugin. Check your plugin mapping in config.xml.
2014-05-28 17:20:47.750 Venue[35416:70b] -[CDVCommandQueue executePending] [Line 158] FAILED pluginJSON = [
  "WebIntent409723443",
  "WebIntent",
  "startActivity",
  [
    {
      "url" : "maps:43.644852,-79.416626?q=942 Queen St W",
      "action" : "android.intent.action.VIEW"
    }
  ]
]
2014-05-28 17:20:48.176 Venue[35416:70b] ERROR: Plugin 'WebIntent' not found, or is not a CDVPlugin. Check your plugin mapping in config.xml.
2014-05-28 17:20:48.176 Venue[35416:70b] -[CDVCommandQueue executePending] [Line 158] FAILED pluginJSON = [
  "WebIntent409723444",
  "WebIntent",
  "startActivity",
  [
    {
      "url" : "maps:43.644852,-79.416626?q=942 Queen St W",
      "action" : "android.intent.action.VIEW"
    }
  ]
]
2014-05-28 17:20:48.612 Venue[35416:70b] ERROR: Plugin 'WebIntent' not found, or is not a CDVPlugin. Check your plugin mapping in config.xml.
2014-05-28 17:20:48.612 Venue[35416:70b] -[CDVCommandQueue executePending] [Line 158] FAILED pluginJSON = [
  "WebIntent409723445",
  "WebIntent",
  "startActivity",
  [
    {
      "url" : "maps:43.644852,-79.416626?q=942 Queen St W",
      "action" : "android.intent.action.VIEW"
    }
  ]
]
2014-05-28 17:20:49.096 Venue[35416:70b] ERROR: Plugin 'WebIntent' not found, or is not a CDVPlugin. Check your plugin mapping in config.xml.
2014-05-28 17:20:49.096 Venue[35416:70b] -[CDVCommandQueue executePending] [Line 158] FAILED pluginJSON = [
  "WebIntent409723446",
  "WebIntent",
  "startActivity",
  [
    {
      "url" : "maps:43.644852,-79.416626?q=942 Queen St W",
      "action" : "android.intent.action.VIEW"
    }
  ]
]
2014-05-28 17:20:49.515 Venue[35416:70b] ERROR: Plugin 'WebIntent' not found, or is not a CDVPlugin. Check your plugin mapping in config.xml.
2014-05-28 17:20:49.515 Venue[35416:70b] -[CDVCommandQueue executePending] [Line 158] FAILED pluginJSON = [
  "WebIntent409723447",
  "WebIntent",
  "startActivity",
  [
    {
      "url" : "maps:43.644852,-79.416626?q=942 Queen St W",
      "action" : "android.intent.action.VIEW"
    }
  ]
]
2014-05-28 17:20:50.181 Venue[35416:70b] ERROR: Plugin 'WebIntent' not found, or is not a CDVPlugin. Check your plugin mapping in config.xml.
2014-05-28 17:20:50.182 Venue[35416:70b] -[CDVCommandQueue executePending] [Line 158] FAILED pluginJSON = [
  "WebIntent409723448",
  "WebIntent",
  "startActivity",
  [
    {
      "url" : "maps:43.644852,-79.416626?q=942 Queen St W",
      "action" : "android.intent.action.VIEW"
    }
  ]
]
2014-05-28 17:20:50.638 Venue[35416:70b] ERROR: Plugin 'WebIntent' not found, or is not a CDVPlugin. Check your plugin mapping in config.xml.
2014-05-28 17:20:50.638 Venue[35416:70b] -[CDVCommandQueue executePending] [Line 158] FAILED pluginJSON = [
  "WebIntent409723449",
  "WebIntent",
  "startActivity",
  [
    {
      "url" : "maps:43.644852,-79.416626?q=942 Queen St W",
      "action" : "android.intent.action.VIEW"
    }
  ]
]
2014-05-28 17:20:51.637 Venue[35416:70b] Resetting plugins due to page load.
2014-05-28 17:20:53.481 Venue[35416:70b] Finished load of: https://maps.google.com/maps?q=43.644852,-79.416626
2014-05-28 17:30:33.384 Venue[35984:70b] Multi-tasking -> Device: YES, App: YES
2014-05-28 17:30:33.394 Venue[35984:70b] Unlimited access to network resources
2014-05-28 17:30:33.434 Venue[35984:70b] WARNING: The splashscreen image named Default-Portrait was not found
2014-05-28 17:30:33.435 Venue[35984:70b] [CDVTimer][splashscreen] 12.442946ms
2014-05-28 17:30:33.438 Venue[35984:70b] [CDVTimer][statusbar] 3.131032ms
2014-05-28 17:30:33.439 Venue[35984:70b] [CDVTimer][device] 0.057995ms
2014-05-28 17:30:33.440 Venue[35984:70b] [CDVTimer][TotalPluginStartup] 17.702043ms
2014-05-28 17:30:33.442 Venue[35984:70b] WARNING: The splashscreen image named Default-Portrait was not found
2014-05-28 17:30:33.447 Venue[35984:70b] WARNING: The splashscreen image named Default-Portrait was not found
2014-05-28 17:30:33.448 Venue[35984:70b] WARNING: The splashscreen image named Default-Portrait was not found
2014-05-28 17:30:33.588 Venue[35984:70b] Resetting plugins due to page load.
2014-05-28 17:30:34.141 Venue[35984:70b] Finished load of: file:///Users/aantillon/Library/Application%20Support/iPhone%20Simulator/7.1/Applications/FDCFD881-8CCD-40DC-9268-35670E56F91A/Venue.app/www/index.html#/
2014-05-28 17:30:42.600 Venue[35984:70b] ERROR: Plugin 'WebIntent' not found, or is not a CDVPlugin. Check your plugin mapping in config.xml.
2014-05-28 17:30:42.601 Venue[35984:70b] -[CDVCommandQueue executePending] [Line 158] FAILED pluginJSON = [
  "WebIntent524708215",
  "WebIntent",
  "startActivity",
  [
    {
      "url" : "maps:43.647718,-79.404007?q=181 Bathurst St",
      "action" : "android.intent.action.VIEW"
    }
  ]
]
2014-05-28 17:30:45.284 Venue[35984:70b] ERROR: Plugin 'WebIntent' not found, or is not a CDVPlugin. Check your plugin mapping in config.xml.
2014-05-28 17:30:45.284 Venue[35984:70b] -[CDVCommandQueue executePending] [Line 158] FAILED pluginJSON = [
  "WebIntent524708216",
  "WebIntent",
  "startActivity",
  [
    {
      "url" : "maps:43.647718,-79.404007?q=181 Bathurst St",
      "action" : "android.intent.action.VIEW"
    }
  ]
]
2014-05-28 17:30:47.209 Venue[35984:70b] ERROR: Plugin 'WebIntent' not found, or is not a CDVPlugin. Check your plugin mapping in config.xml.
2014-05-28 17:30:47.210 Venue[35984:70b] -[CDVCommandQueue executePending] [Line 158] FAILED pluginJSON = [
  "WebIntent524708217",
  "WebIntent",
  "startActivity",
  [
    {
      "url" : "maps:43.647718,-79.404007?q=181 Bathurst St",
      "action" : "android.intent.action.VIEW"
    }
  ]
]
2014-05-28 17:30:47.759 Venue[35984:70b] ERROR: Plugin 'WebIntent' not found, or is not a CDVPlugin. Check your plugin mapping in config.xml.
2014-05-28 17:30:47.760 Venue[35984:70b] -[CDVCommandQueue executePending] [Line 158] FAILED pluginJSON = [
  "WebIntent524708218",
  "WebIntent",
  "startActivity",
  [
    {
      "url" : "maps:43.647718,-79.404007?q=181 Bathurst St",
      "action" : "android.intent.action.VIEW"
    }
  ]
]
2014-05-28 17:30:47.959 Venue[35984:70b] ERROR: Plugin 'WebIntent' not found, or is not a CDVPlugin. Check your plugin mapping in config.xml.
2014-05-28 17:30:47.959 Venue[35984:70b] -[CDVCommandQueue executePending] [Line 158] FAILED pluginJSON = [
  "WebIntent524708219",
  "WebIntent",
  "startActivity",
  [
    {
      "url" : "maps:43.647718,-79.404007?q=181 Bathurst St",
      "action" : "android.intent.action.VIEW"
    }
  ]
]
2014-05-28 17:34:46.899 Venue[36250:70b] Multi-tasking -> Device: YES, App: YES
2014-05-28 17:34:46.910 Venue[36250:70b] Unlimited access to network resources
2014-05-28 17:34:46.952 Venue[36250:70b] WARNING: The splashscreen image named Default-Portrait was not found
2014-05-28 17:34:46.952 Venue[36250:70b] [CDVTimer][splashscreen] 20.051003ms
2014-05-28 17:34:46.955 Venue[36250:70b] [CDVTimer][statusbar] 2.070010ms
2014-05-28 17:34:46.956 Venue[36250:70b] [CDVTimer][device] 0.048995ms
2014-05-28 17:34:46.956 Venue[36250:70b] [CDVTimer][TotalPluginStartup] 23.786008ms
2014-05-28 17:34:46.958 Venue[36250:70b] WARNING: The splashscreen image named Default-Portrait was not found
2014-05-28 17:34:46.961 Venue[36250:70b] WARNING: The splashscreen image named Default-Portrait was not found
2014-05-28 17:34:46.963 Venue[36250:70b] WARNING: The splashscreen image named Default-Portrait was not found
2014-05-28 17:34:47.136 Venue[36250:70b] Resetting plugins due to page load.
2014-05-28 17:34:47.575 Venue[36250:70b] Finished load of: file:///Users/aantillon/Library/Application%20Support/iPhone%20Simulator/7.1/Applications/FDCFD881-8CCD-40DC-9268-35670E56F91A/Venue.app/www/index.html#/
2014-05-28 17:35:44.930 Venue[36250:70b] CDVWebViewDelegate: Navigation started when state=1
2014-05-28 17:35:44.930 Venue[36250:70b] Failed to load webpage with error: CDVWebViewDelegate: Navigation started when state=1
2014-05-28 17:36:55.510 Venue[36250:70b] CDVWebViewDelegate: Navigation started when state=1
2014-05-28 17:36:55.510 Venue[36250:70b] Failed to load webpage with error: CDVWebViewDelegate: Navigation started when state=1
2014-05-28 20:40:28.853 Venue[37457:70b] Multi-tasking -> Device: YES, App: YES
2014-05-28 20:40:28.867 Venue[37457:70b] Unlimited access to network resources
2014-05-28 20:40:28.922 Venue[37457:70b] WARNING: The splashscreen image named Default-Portrait was not found
2014-05-28 20:40:28.923 Venue[37457:70b] [CDVTimer][splashscreen] 27.494967ms
2014-05-28 20:40:28.926 Venue[37457:70b] [CDVTimer][statusbar] 2.774954ms
2014-05-28 20:40:28.927 Venue[37457:70b] [CDVTimer][device] 0.055015ms
2014-05-28 20:40:28.928 Venue[37457:70b] [CDVTimer][TotalPluginStartup] 32.157958ms
2014-05-28 20:40:28.930 Venue[37457:70b] WARNING: The splashscreen image named Default-Portrait was not found
2014-05-28 20:40:28.934 Venue[37457:70b] WARNING: The splashscreen image named Default-Portrait was not found
2014-05-28 20:40:28.935 Venue[37457:70b] WARNING: The splashscreen image named Default-Portrait was not found
2014-05-28 20:40:29.146 Venue[37457:70b] Resetting plugins due to page load.
2014-05-28 20:40:29.811 Venue[37457:70b] Finished load of: file:///Users/aantillon/Library/Application%20Support/iPhone%20Simulator/7.1/Applications/FDCFD881-8CCD-40DC-9268-35670E56F91A/Venue.app/www/index.html#/
2014-05-28 20:46:07.863 Venue[37754:70b] Multi-tasking -> Device: YES, App: YES
2014-05-28 20:46:07.875 Venue[37754:70b] Unlimited access to network resources
2014-05-28 20:46:07.918 Venue[37754:70b] WARNING: The splashscreen image named Default-Portrait was not found
2014-05-28 20:46:07.919 Venue[37754:70b] [CDVTimer][splashscreen] 15.859008ms
2014-05-28 20:46:07.922 Venue[37754:70b] [CDVTimer][statusbar] 2.736986ms
2014-05-28 20:46:07.923 Venue[37754:70b] [CDVTimer][device] 0.057995ms
2014-05-28 20:46:07.924 Venue[37754:70b] [CDVTimer][TotalPluginStartup] 20.412982ms
2014-05-28 20:46:07.926 Venue[37754:70b] WARNING: The splashscreen image named Default-Portrait was not found
2014-05-28 20:46:07.930 Venue[37754:70b] WARNING: The splashscreen image named Default-Portrait was not found
2014-05-28 20:46:07.931 Venue[37754:70b] WARNING: The splashscreen image named Default-Portrait was not found
2014-05-28 20:46:08.190 Venue[37754:70b] Resetting plugins due to page load.
2014-05-28 20:46:08.663 Venue[37754:70b] Finished load of: file:///Users/aantillon/Library/Application%20Support/iPhone%20Simulator/7.1/Applications/FDCFD881-8CCD-40DC-9268-35670E56F91A/Venue.app/www/index.html#/
2014-05-28 20:51:12.122 Venue[41348:70b] Multi-tasking -> Device: YES, App: YES
2014-05-28 20:51:12.133 Venue[41348:70b] Unlimited access to network resources
2014-05-28 20:51:12.165 Venue[41348:70b] WARNING: The splashscreen image named Default-Portrait was not found
2014-05-28 20:51:12.166 Venue[41348:70b] [CDVTimer][splashscreen] 11.144996ms
2014-05-28 20:51:12.168 Venue[41348:70b] [CDVTimer][statusbar] 2.170026ms
2014-05-28 20:51:12.169 Venue[41348:70b] [CDVTimer][device] 0.046968ms
2014-05-28 20:51:12.169 Venue[41348:70b] [CDVTimer][TotalPluginStartup] 14.779031ms
2014-05-28 20:51:12.171 Venue[41348:70b] WARNING: The splashscreen image named Default-Portrait was not found
2014-05-28 20:51:12.174 Venue[41348:70b] WARNING: The splashscreen image named Default-Portrait was not found
2014-05-28 20:51:12.176 Venue[41348:70b] WARNING: The splashscreen image named Default-Portrait was not found
2014-05-28 20:51:12.362 Venue[41348:70b] Resetting plugins due to page load.
2014-05-28 20:51:12.845 Venue[41348:70b] Finished load of: file:///Users/aantillon/Library/Application%20Support/iPhone%20Simulator/7.1/Applications/FDCFD881-8CCD-40DC-9268-35670E56F91A/Venue.app/www/index.html#/
2014-05-28 20:56:41.851 Venue[41631:70b] Multi-tasking -> Device: YES, App: YES
2014-05-28 20:56:41.859 Venue[41631:70b] Unlimited access to network resources
2014-05-28 20:56:41.897 Venue[41631:70b] WARNING: The splashscreen image named Default-Portrait was not found
2014-05-28 20:56:41.898 Venue[41631:70b] [CDVTimer][splashscreen] 13.227999ms
2014-05-28 20:56:41.901 Venue[41631:70b] [CDVTimer][statusbar] 2.472997ms
2014-05-28 20:56:41.902 Venue[41631:70b] [CDVTimer][device] 0.036955ms
2014-05-28 20:56:41.902 Venue[41631:70b] [CDVTimer][TotalPluginStartup] 17.180979ms
2014-05-28 20:56:41.903 Venue[41631:70b] WARNING: The splashscreen image named Default-Portrait was not found
2014-05-28 20:56:41.906 Venue[41631:70b] WARNING: The splashscreen image named Default-Portrait was not found
2014-05-28 20:56:41.907 Venue[41631:70b] WARNING: The splashscreen image named Default-Portrait was not found
2014-05-28 20:56:42.039 Venue[41631:70b] Resetting plugins due to page load.
2014-05-28 20:56:42.629 Venue[41631:70b] Finished load of: file:///Users/aantillon/Library/Application%20Support/iPhone%20Simulator/7.1/Applications/FDCFD881-8CCD-40DC-9268-35670E56F91A/Venue.app/www/index.html#/
2014-05-28 21:00:06.753 Venue[41631:70b] CDVWebViewDelegate: Navigation started when state=1
2014-05-28 21:00:06.754 Venue[41631:70b] Failed to load webpage with error: CDVWebViewDelegate: Navigation started when state=1
2014-05-28 21:12:36.432 Venue[41631:70b] CDVWebViewDelegate: Navigation started when state=1
2014-05-28 21:12:36.432 Venue[41631:70b] Failed to load webpage with error: CDVWebViewDelegate: Navigation started when state=1
2014-05-28 21:13:04.301 Venue[41631:70b] CDVWebViewDelegate: Navigation started when state=1
2014-05-28 21:13:04.301 Venue[41631:70b] Failed to load webpage with error: CDVWebViewDelegate: Navigation started when state=1
2014-05-28 21:14:30.211 Venue[41631:70b] CDVWebViewDelegate: Navigation started when state=1
2014-05-28 21:14:30.211 Venue[41631:70b] Failed to load webpage with error: CDVWebViewDelegate: Navigation started when state=1
2014-05-29 11:40:07.345 Venue[47675:70b] Multi-tasking -> Device: YES, App: YES
2014-05-29 11:40:07.371 Venue[47675:70b] Unlimited access to network resources
2014-05-29 11:40:07.517 Venue[47675:70b] WARNING: The splashscreen image named Default-Portrait was not found
2014-05-29 11:40:07.518 Venue[47675:70b] [CDVTimer][splashscreen] 85.796952ms
2014-05-29 11:40:07.520 Venue[47675:70b] [CDVTimer][statusbar] 1.824021ms
2014-05-29 11:40:07.521 Venue[47675:70b] [CDVTimer][device] 0.050008ms
2014-05-29 11:40:07.521 Venue[47675:70b] [CDVTimer][TotalPluginStartup] 88.853002ms
2014-05-29 11:40:07.522 Venue[47675:70b] WARNING: The splashscreen image named Default-Portrait was not found
2014-05-29 11:40:07.525 Venue[47675:70b] WARNING: The splashscreen image named Default-Portrait was not found
2014-05-29 11:40:07.526 Venue[47675:70b] WARNING: The splashscreen image named Default-Portrait was not found
2014-05-29 11:40:07.619 Venue[47675:70b] Resetting plugins due to page load.
2014-05-29 11:40:08.145 Venue[47675:70b] Finished load of: file:///Users/aantillon/Library/Application%20Support/iPhone%20Simulator/7.1/Applications/FDCFD881-8CCD-40DC-9268-35670E56F91A/Venue.app/www/index.html#/
2014-05-29 11:41:12.701 Venue[47901:70b] Multi-tasking -> Device: YES, App: YES
2014-05-29 11:41:12.711 Venue[47901:70b] Unlimited access to network resources
2014-05-29 11:41:12.746 Venue[47901:70b] WARNING: The splashscreen image named Default-Portrait was not found
2014-05-29 11:41:12.746 Venue[47901:70b] [CDVTimer][splashscreen] 14.937997ms
2014-05-29 11:41:12.749 Venue[47901:70b] [CDVTimer][statusbar] 2.116978ms
2014-05-29 11:41:12.749 Venue[47901:70b] [CDVTimer][device] 0.054955ms
2014-05-29 11:41:12.750 Venue[47901:70b] [CDVTimer][TotalPluginStartup] 18.779993ms
2014-05-29 11:41:12.752 Venue[47901:70b] WARNING: The splashscreen image named Default-Portrait was not found
2014-05-29 11:41:12.754 Venue[47901:70b] WARNING: The splashscreen image named Default-Portrait was not found
2014-05-29 11:41:12.756 Venue[47901:70b] WARNING: The splashscreen image named Default-Portrait was not found
2014-05-29 11:41:12.934 Venue[47901:70b] Resetting plugins due to page load.
2014-05-29 11:41:13.387 Venue[47901:70b] Finished load of: file:///Users/aantillon/Library/Application%20Support/iPhone%20Simulator/7.1/Applications/FDCFD881-8CCD-40DC-9268-35670E56F91A/Venue.app/www/index.html#/
2014-05-29 11:49:45.317 Venue[47901:70b] CDVWebViewDelegate: Navigation started when state=1
2014-05-29 11:49:45.318 Venue[47901:70b] Failed to load webpage with error: CDVWebViewDelegate: Navigation started when state=1
2014-05-29 11:50:36.579 Venue[47901:70b] CDVWebViewDelegate: Navigation started when state=1
2014-05-29 11:50:36.580 Venue[47901:70b] Failed to load webpage with error: CDVWebViewDelegate: Navigation started when state=1
2014-05-29 11:56:22.015 Venue[48467:70b] Multi-tasking -> Device: YES, App: YES
2014-05-29 11:56:22.025 Venue[48467:70b] Unlimited access to network resources
2014-05-29 11:56:22.067 Venue[48467:70b] WARNING: The splashscreen image named Default-Portrait was not found
2014-05-29 11:56:22.069 Venue[48467:70b] [CDVTimer][splashscreen] 15.752017ms
2014-05-29 11:56:22.072 Venue[48467:70b] [CDVTimer][statusbar] 2.633989ms
2014-05-29 11:56:22.072 Venue[48467:70b] [CDVTimer][device] 0.051975ms
2014-05-29 11:56:22.073 Venue[48467:70b] [CDVTimer][TotalPluginStartup] 20.172000ms
2014-05-29 11:56:22.075 Venue[48467:70b] WARNING: The splashscreen image named Default-Portrait was not found
2014-05-29 11:56:22.078 Venue[48467:70b] WARNING: The splashscreen image named Default-Portrait was not found
2014-05-29 11:56:22.080 Venue[48467:70b] WARNING: The splashscreen image named Default-Portrait was not found
2014-05-29 11:56:22.258 Venue[48467:70b] Resetting plugins due to page load.
2014-05-29 11:56:22.762 Venue[48467:70b] Finished load of: file:///Users/aantillon/Library/Application%20Support/iPhone%20Simulator/7.1/Applications/FDCFD881-8CCD-40DC-9268-35670E56F91A/Venue.app/www/index.html#/
2014-05-29 11:56:55.921 Venue[48467:70b] CDVWebViewDelegate: Navigation started when state=1
2014-05-29 11:56:55.922 Venue[48467:70b] Failed to load webpage with error: CDVWebViewDelegate: Navigation started when state=1
2014-05-29 11:57:12.937 Venue[48467:70b] CDVWebViewDelegate: Navigation started when state=1
2014-05-29 11:57:12.937 Venue[48467:70b] Failed to load webpage with error: CDVWebViewDelegate: Navigation started when state=1
2014-05-29 11:57:27.661 Venue[48467:70b] CDVWebViewDelegate: Navigation started when state=1
2014-05-29 11:57:27.662 Venue[48467:70b] Failed to load webpage with error: CDVWebViewDelegate: Navigation started when state=1
2014-05-29 11:57:44.725 Venue[48467:70b] CDVWebViewDelegate: Navigation started when state=1
2014-05-29 11:57:44.725 Venue[48467:70b] Failed to load webpage with error: CDVWebViewDelegate: Navigation started when state=1
2014-05-29 11:58:02.441 Venue[48467:70b] CDVWebViewDelegate: Navigation started when state=1
2014-05-29 11:58:02.442 Venue[48467:70b] Failed to load webpage with error: CDVWebViewDelegate: Navigation started when state=1
2014-05-29 11:58:22.705 Venue[48467:70b] CDVWebViewDelegate: Navigation started when state=1
2014-05-29 11:58:22.705 Venue[48467:70b] Failed to load webpage with error: CDVWebViewDelegate: Navigation started when state=1
2014-05-29 11:58:50.143 Venue[48467:70b] CDVWebViewDelegate: Navigation started when state=1
2014-05-29 11:58:50.143 Venue[48467:70b] Failed to load webpage with error: CDVWebViewDelegate: Navigation started when state=1
2014-05-29 12:36:56.667 Venue[49379:70b] Multi-tasking -> Device: YES, App: YES
2014-05-29 12:36:56.679 Venue[49379:70b] Unlimited access to network resources
2014-05-29 12:36:56.715 Venue[49379:70b] WARNING: The splashscreen image named Default-Portrait was not found
2014-05-29 12:36:56.716 Venue[49379:70b] [CDVTimer][splashscreen] 19.103944ms
2014-05-29 12:36:56.718 Venue[49379:70b] [CDVTimer][statusbar] 1.771986ms
2014-05-29 12:36:56.718 Venue[49379:70b] [CDVTimer][device] 0.033975ms
2014-05-29 12:36:56.719 Venue[49379:70b] [CDVTimer][TotalPluginStartup] 22.079945ms
2014-05-29 12:36:56.720 Venue[49379:70b] WARNING: The splashscreen image named Default-Portrait was not found
2014-05-29 12:36:56.723 Venue[49379:70b] WARNING: The splashscreen image named Default-Portrait was not found
2014-05-29 12:36:56.724 Venue[49379:70b] WARNING: The splashscreen image named Default-Portrait was not found
2014-05-29 12:36:56.808 Venue[49379:70b] Resetting plugins due to page load.
2014-05-29 12:36:57.403 Venue[49379:70b] Finished load of: file:///Users/aantillon/Library/Application%20Support/iPhone%20Simulator/7.1/Applications/FDCFD881-8CCD-40DC-9268-35670E56F91A/Venue.app/www/index.html#/
2014-05-29 12:37:46.232 Venue[49603:70b] Multi-tasking -> Device: YES, App: YES
2014-05-29 12:37:46.242 Venue[49603:70b] Unlimited access to network resources
2014-05-29 12:37:46.272 Venue[49603:70b] WARNING: The splashscreen image named Default-Portrait was not found
2014-05-29 12:37:46.272 Venue[49603:70b] [CDVTimer][splashscreen] 12.739003ms
2014-05-29 12:37:46.275 Venue[49603:70b] [CDVTimer][statusbar] 2.609968ms
2014-05-29 12:37:46.276 Venue[49603:70b] [CDVTimer][device] 0.079989ms
2014-05-29 12:37:46.277 Venue[49603:70b] [CDVTimer][TotalPluginStartup] 17.175972ms
2014-05-29 12:37:46.278 Venue[49603:70b] WARNING: The splashscreen image named Default-Portrait was not found
2014-05-29 12:37:46.282 Venue[49603:70b] WARNING: The splashscreen image named Default-Portrait was not found
2014-05-29 12:37:46.283 Venue[49603:70b] WARNING: The splashscreen image named Default-Portrait was not found
2014-05-29 12:37:46.452 Venue[49603:70b] Resetting plugins due to page load.
2014-05-29 12:37:46.910 Venue[49603:70b] Finished load of: file:///Users/aantillon/Library/Application%20Support/iPhone%20Simulator/7.1/Applications/FDCFD881-8CCD-40DC-9268-35670E56F91A/Venue.app/www/index.html#/
2014-05-29 12:38:32.574 Venue[49603:70b] CDVWebViewDelegate: Navigation started when state=1
2014-05-29 12:38:32.574 Venue[49603:70b] Failed to load webpage with error: CDVWebViewDelegate: Navigation started when state=1
2014-05-29 12:38:47.191 Venue[49603:70b] CDVWebViewDelegate: Navigation started when state=1
2014-05-29 12:38:47.191 Venue[49603:70b] Failed to load webpage with error: CDVWebViewDelegate: Navigation started when state=1
2014-05-29 12:39:39.054 Venue[49603:70b] CDVWebViewDelegate: Navigation started when state=1
2014-05-29 12:39:39.054 Venue[49603:70b] Failed to load webpage with error: CDVWebViewDelegate: Navigation started when state=1
2014-05-29 12:41:43.858 Venue[49876:70b] Multi-tasking -> Device: YES, App: YES
2014-05-29 12:41:43.866 Venue[49876:70b] Unlimited access to network resources
2014-05-29 12:41:43.901 Venue[49876:70b] WARNING: The splashscreen image named Default-Portrait was not found
2014-05-29 12:41:43.901 Venue[49876:70b] [CDVTimer][splashscreen] 12.040973ms
2014-05-29 12:41:43.905 Venue[49876:70b] [CDVTimer][statusbar] 2.560973ms
2014-05-29 12:41:43.905 Venue[49876:70b] [CDVTimer][device] 0.055969ms
2014-05-29 12:41:43.913 Venue[49876:70b] [CDVTimer][TotalPluginStartup] 23.546994ms
2014-05-29 12:41:43.915 Venue[49876:70b] WARNING: The splashscreen image named Default-Portrait was not found
2014-05-29 12:41:43.920 Venue[49876:70b] WARNING: The splashscreen image named Default-Portrait was not found
2014-05-29 12:41:43.922 Venue[49876:70b] WARNING: The splashscreen image named Default-Portrait was not found
2014-05-29 12:41:44.086 Venue[49876:70b] Resetting plugins due to page load.
2014-05-29 12:41:44.541 Venue[49876:70b] Finished load of: file:///Users/aantillon/Library/Application%20Support/iPhone%20Simulator/7.1/Applications/FDCFD881-8CCD-40DC-9268-35670E56F91A/Venue.app/www/index.html#/
